<?xml version="1.0" encoding="UTF-8"?>
<robot generator="Robot 3.1.2 (Python 3.8.5 on win32)" generated="20200907 10:19:49.696" rpa="false">
<suite id="s1" name="TestSuites" source="C:\RobotSandbox\ImagingBAU\TestSuites">
<suite id="s1-s1" name="01-ICU" source="C:\RobotSandbox\ImagingBAU\TestSuites\01-ICU">
<suite id="s1-s1-s1" name="01-ClaimsView" source="C:\RobotSandbox\ImagingBAU\TestSuites\01-ICU\01-ClaimsView">
<suite id="s1-s1-s1-s1" name="03-AddENumberToAuditTrail" source="C:\RobotSandbox\ImagingBAU\TestSuites\01-ICU\01-ClaimsView\03-AddENumberToAuditTrail.robot">
<test id="s1-s1-s1-s1-t1" name="Add E-Number to Audit Trail">
<kw name="Sign in page -&gt; Create Claim Case" library="BAUKeywords" type="setup">
<kw name="Sign in page" library="BAUKeywords">
<kw name="Open Browser" library="SeleniumLibrary">
<doc>Opens a new browser instance to the optional ``url``.</doc>
<arguments>
<arg>${HostURL}</arg>
<arg>${gBrowser}</arg>
<arg>timeout=60s</arg>
</arguments>
<msg timestamp="20200907 10:19:50.111" level="INFO">Opening browser 'Chrome' to base url 'https://aflac-dt2-internal.pegacloud.io/prweb/'.</msg>
<status status="PASS" starttime="20200907 10:19:50.110" endtime="20200907 10:19:52.955"></status>
</kw>
<kw name="Maximize Browser Window" library="SeleniumLibrary">
<doc>Maximizes current browser window.</doc>
<status status="PASS" starttime="20200907 10:19:52.955" endtime="20200907 10:19:53.203"></status>
</kw>
<status status="PASS" starttime="20200907 10:19:50.110" endtime="20200907 10:19:53.204"></status>
</kw>
<kw name="Login to Aflac Portal" library="LoginPage">
<kw name="Login Page Loaded" library="LoginPage">
<kw name="Wait Until Element Is Visible" library="SeleniumLibrary">
<doc>Waits until the element ``locator`` is visible.</doc>
<arguments>
<arg>${pUserIDEdt}</arg>
</arguments>
<status status="PASS" starttime="20200907 10:19:53.205" endtime="20200907 10:19:53.313"></status>
</kw>
<status status="PASS" starttime="20200907 10:19:53.204" endtime="20200907 10:19:53.313"></status>
</kw>
<kw name="Enter user name" library="LoginPage">
<kw name="Input Text" library="SeleniumLibrary">
<doc>Types the given ``text`` into the text field identified by ``locator``.</doc>
<arguments>
<arg>id:${pUserIDEdt}</arg>
<arg>${gUSERNAME}</arg>
</arguments>
<msg timestamp="20200907 10:19:53.314" level="INFO">Typing text 'TEMPLATE_ICMANAGER' into text field 'id:txtUserID'.</msg>
<status status="PASS" starttime="20200907 10:19:53.314" endtime="20200907 10:19:53.569"></status>
</kw>
<status status="PASS" starttime="20200907 10:19:53.313" endtime="20200907 10:19:53.569"></status>
</kw>
<kw name="Enter Password" library="LoginPage">
<kw name="Input Text" library="SeleniumLibrary">
<doc>Types the given ``text`` into the text field identified by ``locator``.</doc>
<arguments>
<arg>id:${pPasswordEdt}</arg>
<arg>${gPASSWORD}</arg>
</arguments>
<msg timestamp="20200907 10:19:53.570" level="INFO">Typing text 'rules' into text field 'id:txtPassword'.</msg>
<status status="PASS" starttime="20200907 10:19:53.570" endtime="20200907 10:19:53.718"></status>
</kw>
<status status="PASS" starttime="20200907 10:19:53.569" endtime="20200907 10:19:53.718"></status>
</kw>
<kw name="Submit Login" library="LoginPage">
<kw name="Click Button" library="SeleniumLibrary">
<doc>Clicks the button identified by ``locator``.</doc>
<arguments>
<arg>id:${pLoginBtn}</arg>
</arguments>
<msg timestamp="20200907 10:19:53.719" level="INFO">Clicking button 'id:sub'.</msg>
<status status="PASS" starttime="20200907 10:19:53.719" endtime="20200907 10:19:55.689"></status>
</kw>
<status status="PASS" starttime="20200907 10:19:53.718" endtime="20200907 10:19:55.689"></status>
</kw>
<status status="PASS" starttime="20200907 10:19:53.204" endtime="20200907 10:19:55.689"></status>
</kw>
<kw name="Click Create" library="BasePage">
<kw name="Click Link" library="SeleniumLibrary">
<doc>Clicks a link identified by ``locator``.</doc>
<arguments>
<arg>Create</arg>
</arguments>
<msg timestamp="20200907 10:19:55.690" level="INFO">Clicking link 'Create'.</msg>
<status status="PASS" starttime="20200907 10:19:55.690" endtime="20200907 10:19:55.960"></status>
</kw>
<status status="PASS" starttime="20200907 10:19:55.689" endtime="20200907 10:19:55.961"></status>
</kw>
<kw name="Click Claim" library="BasePage">
<kw name="Wait Until Element Is Visible" library="SeleniumLibrary">
<doc>Waits until the element ``locator`` is visible.</doc>
<arguments>
<arg>${ClaimBtn}</arg>
</arguments>
<status status="PASS" starttime="20200907 10:19:55.961" endtime="20200907 10:19:56.612"></status>
</kw>
<kw name="Click Element" library="SeleniumLibrary">
<doc>Click the element identified by ``locator``.</doc>
<arguments>
<arg>${ClaimBtn}</arg>
</arguments>
<msg timestamp="20200907 10:19:56.613" level="INFO">Clicking element '//*[@class="menu-item menu-item-enabled menu-item-active"]'.</msg>
<status status="PASS" starttime="20200907 10:19:56.613" endtime="20200907 10:19:56.864"></status>
</kw>
<status status="PASS" starttime="20200907 10:19:55.961" endtime="20200907 10:19:56.864"></status>
</kw>
<status status="PASS" starttime="20200907 10:19:50.109" endtime="20200907 10:19:56.864"></status>
</kw>
<kw name="Select Received Date" library="SearchClaim">
<arguments>
<arg>01</arg>
<arg>01</arg>
<arg>2020</arg>
</arguments>
<kw name="Select Date Received Month" library="SearchClaim">
<arguments>
<arg>${Month}</arg>
</arguments>
<kw name="Unselect Frame" library="SeleniumLibrary">
<doc>Sets the main frame as the current frame.</doc>
<status status="PASS" starttime="20200907 10:19:56.866" endtime="20200907 10:19:56.875"></status>
</kw>
<kw name="Select Frame" library="SeleniumLibrary">
<doc>Sets frame identified by ``locator`` as the current frame.</doc>
<arguments>
<arg>${ClaimSearchFrame}</arg>
</arguments>
<msg timestamp="20200907 10:19:56.876" level="INFO">Selecting frame 'PegaGadget1Ifr'.</msg>
<status status="PASS" starttime="20200907 10:19:56.875" endtime="20200907 10:19:56.924"></status>
</kw>
<kw name="Wait Until Element Is Visible" library="SeleniumLibrary">
<doc>Waits until the element ``locator`` is visible.</doc>
<arguments>
<arg>${DateReceivedMonthEdt}</arg>
</arguments>
<status status="PASS" starttime="20200907 10:19:56.924" endtime="20200907 10:19:58.252"></status>
</kw>
<kw name="Select From List By Label" library="SeleniumLibrary">
<doc>Selects options from selection list ``locator`` by ``labels``.</doc>
<arguments>
<arg>${DateReceivedMonthEdt}</arg>
<arg>${Month}</arg>
</arguments>
<msg timestamp="20200907 10:19:58.253" level="INFO">Selecting options from selection list '//*[@id="$PpyWorkPage$pCase$pClaim$pReceivedDateMoSel"]' by label 01.</msg>
<status status="PASS" starttime="20200907 10:19:58.253" endtime="20200907 10:19:58.369"></status>
</kw>
<status status="PASS" starttime="20200907 10:19:56.866" endtime="20200907 10:19:58.370"></status>
</kw>
<kw name="Select Date Received Day" library="SearchClaim">
<arguments>
<arg>${Day}</arg>
</arguments>
<kw name="Wait Until Element Is Visible" library="SeleniumLibrary">
<doc>Waits until the element ``locator`` is visible.</doc>
<arguments>
<arg>${DateReceivedDayEdt}</arg>
</arguments>
<status status="PASS" starttime="20200907 10:19:58.371" endtime="20200907 10:19:58.409"></status>
</kw>
<kw name="Select From List By Label" library="SeleniumLibrary">
<doc>Selects options from selection list ``locator`` by ``labels``.</doc>
<arguments>
<arg>${DateReceivedDayEdt}</arg>
<arg>${Day}</arg>
</arguments>
<msg timestamp="20200907 10:19:58.410" level="INFO">Selecting options from selection list '//*[@id="$PpyWorkPage$pCase$pClaim$pReceivedDateDySel"]' by label 01.</msg>
<status status="PASS" starttime="20200907 10:19:58.409" endtime="20200907 10:19:58.521"></status>
</kw>
<status status="PASS" starttime="20200907 10:19:58.370" endtime="20200907 10:19:58.521"></status>
</kw>
<kw name="Select Date Received Year" library="SearchClaim">
<arguments>
<arg>${Year}</arg>
</arguments>
<kw name="Wait Until Element Is Visible" library="SeleniumLibrary">
<doc>Waits until the element ``locator`` is visible.</doc>
<arguments>
<arg>${DateReceivedYearEdt}</arg>
</arguments>
<status status="PASS" starttime="20200907 10:19:58.522" endtime="20200907 10:19:58.554"></status>
</kw>
<kw name="Select From List By Value" library="SeleniumLibrary">
<doc>Selects options from selection list ``locator`` by ``values``.</doc>
<arguments>
<arg>${DateReceivedYearEdt}</arg>
<arg>${Year}</arg>
</arguments>
<msg timestamp="20200907 10:19:58.555" level="INFO">Selecting options from selection list '//*[@id="$PpyWorkPage$pCase$pClaim$pReceivedDateYrSel"]' by value 2020.</msg>
<status status="PASS" starttime="20200907 10:19:58.554" endtime="20200907 10:19:58.681"></status>
</kw>
<status status="PASS" starttime="20200907 10:19:58.521" endtime="20200907 10:19:58.681"></status>
</kw>
<status status="PASS" starttime="20200907 10:19:56.865" endtime="20200907 10:19:58.681"></status>
</kw>
<kw name="Populate Primary Policy Number" library="SearchClaim">
<arguments>
<arg>A0002826</arg>
</arguments>
<kw name="Unselect Frame" library="SeleniumLibrary">
<doc>Sets the main frame as the current frame.</doc>
<status status="PASS" starttime="20200907 10:19:58.682" endtime="20200907 10:19:58.687"></status>
</kw>
<kw name="Select Frame" library="SeleniumLibrary">
<doc>Sets frame identified by ``locator`` as the current frame.</doc>
<arguments>
<arg>${ClaimSearchFrame}</arg>
</arguments>
<msg timestamp="20200907 10:19:58.687" level="INFO">Selecting frame 'PegaGadget1Ifr'.</msg>
<status status="PASS" starttime="20200907 10:19:58.687" endtime="20200907 10:19:58.720"></status>
</kw>
<kw name="Wait Until Element Is Visible" library="SeleniumLibrary">
<doc>Waits until the element ``locator`` is visible.</doc>
<arguments>
<arg>${PrimaryPolicyNumberEdt}</arg>
</arguments>
<status status="PASS" starttime="20200907 10:19:58.721" endtime="20200907 10:19:58.750"></status>
</kw>
<kw name="Input Text" library="SeleniumLibrary">
<doc>Types the given ``text`` into the text field identified by ``locator``.</doc>
<arguments>
<arg>${PrimaryPolicyNumberEdt}</arg>
<arg>${PolicyNumber}</arg>
</arguments>
<msg timestamp="20200907 10:19:58.750" level="INFO">Typing text 'A0002826' into text field '//*[@id="75123bd5"]'.</msg>
<status status="PASS" starttime="20200907 10:19:58.750" endtime="20200907 10:19:58.998"></status>
</kw>
<kw name="Press Keys" library="SeleniumLibrary">
<doc>Simulates the user pressing key(s) to an element or on the active browser.</doc>
<arguments>
<arg>${PrimaryPolicyNumberEdt}</arg>
<arg>TAB</arg>
</arguments>
<msg timestamp="20200907 10:19:58.998" level="INFO">Sending key(s) ('TAB',) to //*[@id="75123bd5"] element.</msg>
<msg timestamp="20200907 10:19:59.360" level="INFO">Pressing special key TAB to element.</msg>
<msg timestamp="20200907 10:19:59.360" level="INFO">Releasing special key TAB.</msg>
<status status="PASS" starttime="20200907 10:19:58.998" endtime="20200907 10:19:59.450"></status>
</kw>
<status status="PASS" starttime="20200907 10:19:58.682" endtime="20200907 10:19:59.450"></status>
</kw>
<kw name="Wait for Pega Amination to disappear" library="BAUKeywords">
<kw name="Run Keyword And Return Status" library="BuiltIn">
<doc>Runs the given keyword with given arguments and returns the status as a Boolean value.</doc>
<arguments>
<arg>wait until page contains element</arg>
<arg>${PegaSpinny}</arg>
<arg>timeout=10s</arg>
</arguments>
<assign>
<var>${SpinnyPresent}</var>
</assign>
<kw name="Wait Until Page Contains Element" library="SeleniumLibrary">
<doc>Waits until the element ``locator`` appears on the current page.</doc>
<arguments>
<arg>${PegaSpinny}</arg>
<arg>timeout=10s</arg>
</arguments>
<status status="PASS" starttime="20200907 10:19:59.452" endtime="20200907 10:19:59.474"></status>
</kw>
<msg timestamp="20200907 10:19:59.474" level="INFO">${SpinnyPresent} = True</msg>
<status status="PASS" starttime="20200907 10:19:59.451" endtime="20200907 10:19:59.474"></status>
</kw>
<kw name="Run Keyword If" library="BuiltIn">
<doc>Runs the given keyword with the given arguments, if ``condition`` is true.</doc>
<arguments>
<arg>'${SpinnyPresent}'=='True'</arg>
<arg>Wait Until Page Does Not Contain Element</arg>
<arg>${PegaSpinny}</arg>
<arg>timeout=20s</arg>
</arguments>
<kw name="Wait Until Page Does Not Contain Element" library="SeleniumLibrary">
<doc>Waits until the element ``locator`` disappears from the current page.</doc>
<arguments>
<arg>${PegaSpinny}</arg>
<arg>timeout=20s</arg>
</arguments>
<status status="PASS" starttime="20200907 10:19:59.475" endtime="20200907 10:20:03.615"></status>
</kw>
<status status="PASS" starttime="20200907 10:19:59.475" endtime="20200907 10:20:03.615"></status>
</kw>
<status status="PASS" starttime="20200907 10:19:59.451" endtime="20200907 10:20:03.615"></status>
</kw>
<kw name="Click Check Duplicate Button" library="SearchClaim">
<kw name="Sleep" library="BuiltIn">
<doc>Pauses the test executed for the given time.</doc>
<arguments>
<arg>7s</arg>
</arguments>
<msg timestamp="20200907 10:20:10.619" level="INFO">Slept 7 seconds</msg>
<status status="PASS" starttime="20200907 10:20:03.617" endtime="20200907 10:20:10.619"></status>
</kw>
<kw name="Click Button" library="SeleniumLibrary">
<doc>Clicks the button identified by ``locator``.</doc>
<arguments>
<arg>${CheckDuplicateBtn}</arg>
</arguments>
<msg timestamp="20200907 10:20:10.620" level="INFO">Clicking button '//*[@name="pyCaseHeaderOuter_pyWorkPage_11"]'.</msg>
<status status="PASS" starttime="20200907 10:20:10.619" endtime="20200907 10:20:10.813"></status>
</kw>
<status status="PASS" starttime="20200907 10:20:03.616" endtime="20200907 10:20:10.813"></status>
</kw>
<kw name="Click Process Duplicate Button" library="SearchClaim">
<kw name="Wait Until Element Is Visible" library="SeleniumLibrary">
<doc>Waits until the element ``locator`` is visible.</doc>
<arguments>
<arg>${ProcessDuplicateBtn}</arg>
</arguments>
<status status="PASS" starttime="20200907 10:20:10.814" endtime="20200907 10:20:11.118"></status>
</kw>
<kw name="Click Button" library="SeleniumLibrary">
<doc>Clicks the button identified by ``locator``.</doc>
<arguments>
<arg>${ProcessDuplicateBtn}</arg>
</arguments>
<msg timestamp="20200907 10:20:11.118" level="INFO">Clicking button '//*[@name="pyCaseHeaderOuter_pyWorkPage_12"]'.</msg>
<status status="PASS" starttime="20200907 10:20:11.118" endtime="20200907 10:20:11.373"></status>
</kw>
<status status="PASS" starttime="20200907 10:20:10.814" endtime="20200907 10:20:11.374"></status>
</kw>
<kw name="Select Dupilcate Dropdown" library="SearchClaim">
<arguments>
<arg>No Action</arg>
</arguments>
<kw name="Wait Until Element Is Visible" library="SeleniumLibrary">
<doc>Waits until the element ``locator`` is visible.</doc>
<arguments>
<arg>${DuplicateCheckResultsEdt}</arg>
</arguments>
<status status="PASS" starttime="20200907 10:20:11.375" endtime="20200907 10:20:13.375"></status>
</kw>
<kw name="Select From List By Label" library="SeleniumLibrary">
<doc>Selects options from selection list ``locator`` by ``labels``.</doc>
<arguments>
<arg>${DuplicateCheckResultsEdt}</arg>
<arg>${Dropdown}</arg>
</arguments>
<msg timestamp="20200907 10:20:13.376" level="INFO">Selecting options from selection list '//*[@id="0850c93c"]' by label No Action.</msg>
<status status="PASS" starttime="20200907 10:20:13.376" endtime="20200907 10:20:13.564"></status>
</kw>
<status status="PASS" starttime="20200907 10:20:11.374" endtime="20200907 10:20:13.564"></status>
</kw>
<kw name="Click Submit Button" library="SearchClaim">
<kw name="Sleep" library="BuiltIn">
<doc>Pauses the test executed for the given time.</doc>
<arguments>
<arg>7s</arg>
</arguments>
<msg timestamp="20200907 10:20:20.566" level="INFO">Slept 7 seconds</msg>
<status status="PASS" starttime="20200907 10:20:13.565" endtime="20200907 10:20:20.566"></status>
</kw>
<kw name="Click Button" library="SeleniumLibrary">
<doc>Clicks the button identified by ``locator``.</doc>
<arguments>
<arg>${SubmitBtn}</arg>
</arguments>
<msg timestamp="20200907 10:20:20.567" level="INFO">Clicking button '//*[@title="Complete this assignment"]'.</msg>
<status status="PASS" starttime="20200907 10:20:20.566" endtime="20200907 10:20:20.887"></status>
</kw>
<status status="PASS" starttime="20200907 10:20:13.564" endtime="20200907 10:20:20.887"></status>
</kw>
<kw name="Click Audit TAB" library="SearchClaim">
<kw name="Wait Until Element Is Visible" library="SeleniumLibrary">
<doc>Waits until the element ``locator`` is visible.</doc>
<arguments>
<arg>${AuditTab}</arg>
<arg>timeout=20s</arg>
</arguments>
<msg timestamp="20200907 10:20:22.548" level="INFO">Suppressing StaleElementReferenceException from Selenium.</msg>
<status status="PASS" starttime="20200907 10:20:20.888" endtime="20200907 10:20:23.245"></status>
</kw>
<kw name="Click Element" library="SeleniumLibrary">
<doc>Click the element identified by ``locator``.</doc>
<arguments>
<arg>${AuditTab}</arg>
</arguments>
<msg timestamp="20200907 10:20:23.245" level="INFO">Clicking element '//*[@data-layout-id="202008190424000687"]'.</msg>
<status status="PASS" starttime="20200907 10:20:23.245" endtime="20200907 10:20:23.407"></status>
</kw>
<status status="PASS" starttime="20200907 10:20:20.888" endtime="20200907 10:20:23.407"></status>
</kw>
<kw name="Verify E-Number exists" library="SearchClaim">
<arguments>
<arg>TEMPLATE_ICMANAGER</arg>
</arguments>
<kw name="Format String" library="String">
<doc>Formats a ``template`` using the given ``positional`` and ``named`` arguments.</doc>
<arguments>
<arg>${pTemplateTableRow}</arg>
<arg>${aEmployeeId}</arg>
</arguments>
<assign>
<var>${DesiredRow}</var>
</assign>
<msg timestamp="20200907 10:20:23.425" level="INFO">${DesiredRow} = //table[@id="bodyTbl_right"]/tbody/tr[td//text()[contains(.,'TEMPLATE_ICMANAGER')]][td//text()[contains(.,'No Action chosen to process duplicate results.')]]</msg>
<status status="PASS" starttime="20200907 10:20:23.414" endtime="20200907 10:20:23.426"></status>
</kw>
<kw name="Wait Until Element Is Visible" library="SeleniumLibrary">
<doc>Waits until the element ``locator`` is visible.</doc>
<arguments>
<arg>${DesiredRow}</arg>
</arguments>
<status status="PASS" starttime="20200907 10:20:23.426" endtime="20200907 10:20:23.787"></status>
</kw>
<status status="PASS" starttime="20200907 10:20:23.413" endtime="20200907 10:20:23.787"></status>
</kw>
<tags>
<tag>WIP2</tag>
</tags>
<status status="PASS" starttime="20200907 10:19:50.107" endtime="20200907 10:20:23.788" critical="yes"></status>
</test>
<status status="PASS" starttime="20200907 10:19:49.752" endtime="20200907 10:20:23.790"></status>
</suite>
<status status="PASS" starttime="20200907 10:19:49.745" endtime="20200907 10:20:23.794"></status>
</suite>
<status status="PASS" starttime="20200907 10:19:49.741" endtime="20200907 10:20:23.797"></status>
</suite>
<status status="PASS" starttime="20200907 10:19:49.699" endtime="20200907 10:20:23.803"></status>
</suite>
<statistics>
<total>
<stat pass="1" fail="0">Critical Tests</stat>
<stat pass="1" fail="0">All Tests</stat>
</total>
<tag>
<stat pass="1" fail="0">WIP2</stat>
</tag>
<suite>
<stat pass="1" fail="0" id="s1" name="TestSuites">TestSuites</stat>
<stat pass="1" fail="0" id="s1-s1" name="01-ICU">TestSuites.01-ICU</stat>
<stat pass="1" fail="0" id="s1-s1-s1" name="01-ClaimsView">TestSuites.01-ICU.01-ClaimsView</stat>
<stat pass="1" fail="0" id="s1-s1-s1-s1" name="03-AddENumberToAuditTrail">TestSuites.01-ICU.01-ClaimsView.03-AddENumberToAuditTrail</stat>
</suite>
</statistics>
<errors>
</errors>
</robot>
